Arguments: 
  C:\Program Files\nodejs\node.exe C:\Users\conta\AppData\Roaming\npm\node_modules\yarn\bin\yarn.js start

PATH: 
  C:\Users\conta\Documents\apps\cmdr\bin;C:\Users\conta\Documents\apps\cmdr\vendor\conemu-maximus5\ConEmu\Scripts;C:\Users\conta\Documents\apps\cmdr\vendor\conemu-maximus5;C:\Users\conta\Documents\apps\cmdr\vendor\conemu-maximus5\ConEmu;C:\WINDOWS\system32;C:\WINDOWS;C:\WINDOWS\System32\Wbem;C:\WINDOWS\System32\WindowsPowerShell\v1.0\;C:\Program Files\Intel\WiFi\bin\;C:\Program Files\Common Files\Intel\WirelessCommon\;C:\Program Files\dotnet\;C:\Program Files\nodejs\;C:\Program Files\PuTTY\;C:\WINDOWS\System32\OpenSSH\;C:\Program Files\Microsoft VS Code\bin;C:\Users\conta\AppData\Local\Microsoft\WindowsApps;C:\Users\conta\AppData\Local\Programs\Git\cmd;C:\Users\conta\AppData\Local\Programs\Git\mingw64\bin;C:\Users\conta\AppData\Local\Programs\Git\usr\bin;C:\Users\conta\AppData\Roaming\npm;C:\Users\conta\.dotnet\tools;C:\Users\conta\AppData\Local\Programs\Git\usr\bin;C:\Users\conta\AppData\Local\Programs\Git\usr\share\vim\vim74;C:\Users\conta\Documents\apps\cmdr\

Yarn version: 
  1.5.1

Node version: 
  8.11.1

Platform: 
  win32 x64

npm manifest: 
  No manifest

yarn manifest: 
  No manifest

Lockfile: 
  No lockfile

Trace: 
  Error: Couldn't find a package.json file in "C:\\Users\\conta\\Documents\\workspace\\fableconf18_talk"
      at new MessageError (C:\Users\conta\AppData\Roaming\npm\node_modules\yarn\lib\cli.js:186:110)
      at C:\Users\conta\AppData\Roaming\npm\node_modules\yarn\lib\cli.js:40048:15
      at Generator.next (<anonymous>)
      at step (C:\Users\conta\AppData\Roaming\npm\node_modules\yarn\lib\cli.js:98:30)
      at C:\Users\conta\AppData\Roaming\npm\node_modules\yarn\lib\cli.js:109:13
      at <anonymous>
